<?xml version="1.0" encoding="UTF-8"?>
<testng-results ignored="0" total="1" passed="1" failed="0" skipped="0">
  <reporter-output>
  </reporter-output>
  <suite started-at="2022-08-04T13:32:03 IST" name="Default suite" finished-at="2022-08-04T13:32:03 IST" duration-ms="75">
    <groups>
    </groups>
    <test started-at="2022-08-04T13:32:03 IST" name="Default test" finished-at="2022-08-04T13:32:03 IST" duration-ms="75">
      <class name="com.generic.Test.DemoDataTest">
        <test-method signature="getData()[pri:0, instance:com.generic.Test.DemoDataTest@32b260fa]" started-at="2022-08-04T13:32:03 IST" name="getData" finished-at="2022-08-04T13:32:03 IST" duration-ms="12" status="PASS">
          <reporter-output>
          </reporter-output>
        </test-method> <!-- getData -->
      </class> <!-- com.generic.Test.DemoDataTest -->
    </test> <!-- Default test -->
  </suite> <!-- Default suite -->
</testng-results>
